<?xml version="1.0" encoding="UTF-8"?>
<testng-results ignored="0" total="9" passed="7" failed="2" skipped="0">
  <reporter-output>
  </reporter-output>
  <suite started-at="2024-09-03T13:24:37 IST" name="Guru99 Insurance Automation Suite" finished-at="2024-09-03T13:26:36 IST" duration-ms="118589">
    <groups>
    </groups>
    <test started-at="2024-09-03T13:24:37 IST" name="UI Tests" finished-at="2024-09-03T13:26:36 IST" duration-ms="118589">
      <class name="com.example.tests.Payment">
        <test-method is-config="true" signature="setup()[pri:0, instance:com.example.tests.Payment@17fc391b]" started-at="2024-09-03T13:26:08 IST" name="setup" finished-at="2024-09-03T13:26:16 IST" duration-ms="7827" status="PASS">
          <reporter-output>
          </reporter-output>
        </test-method> <!-- setup -->
        <test-method signature="paymentM()[pri:0, instance:com.example.tests.Payment@17fc391b]" started-at="2024-09-03T13:26:16 IST" name="paymentM" finished-at="2024-09-03T13:26:35 IST" duration-ms="19153" status="PASS">
          <reporter-output>
          </reporter-output>
        </test-method> <!-- paymentM -->
        <test-method is-config="true" signature="tearDown()[pri:0, instance:com.example.tests.Payment@17fc391b]" started-at="2024-09-03T13:26:35 IST" name="tearDown" finished-at="2024-09-03T13:26:36 IST" duration-ms="505" status="PASS">
          <reporter-output>
          </reporter-output>
        </test-method> <!-- tearDown -->
      </class> <!-- com.example.tests.Payment -->
      <class name="com.example.tests.LoginPage">
        <test-method is-config="true" signature="setup()[pri:0, instance:com.example.tests.LoginPage@247310d0]" started-at="2024-09-03T13:24:59 IST" name="setup" finished-at="2024-09-03T13:25:06 IST" duration-ms="6704" status="PASS">
          <reporter-output>
          </reporter-output>
        </test-method> <!-- setup -->
        <test-method signature="loginTest()[pri:0, instance:com.example.tests.LoginPage@247310d0]" started-at="2024-09-03T13:25:06 IST" name="loginTest" finished-at="2024-09-03T13:25:10 IST" duration-ms="4233" status="PASS">
          <reporter-output>
          </reporter-output>
        </test-method> <!-- loginTest -->
        <test-method is-config="true" signature="tearDown()[pri:0, instance:com.example.tests.LoginPage@247310d0]" started-at="2024-09-03T13:25:10 IST" name="tearDown" finished-at="2024-09-03T13:25:10 IST" duration-ms="360" status="PASS">
          <reporter-output>
          </reporter-output>
        </test-method> <!-- tearDown -->
      </class> <!-- com.example.tests.LoginPage -->
      <class name="com.example.tests.Edit_Profile">
        <test-method is-config="true" signature="setup()[pri:0, instance:com.example.tests.Edit_Profile@4082ba93]" started-at="2024-09-03T13:25:52 IST" name="setup" finished-at="2024-09-03T13:25:58 IST" duration-ms="6896" status="PASS">
          <reporter-output>
          </reporter-output>
        </test-method> <!-- setup -->
        <test-method signature="testEditProfileWithInvalidData()[pri:0, instance:com.example.tests.Edit_Profile@4082ba93]" started-at="2024-09-03T13:25:58 IST" name="testEditProfileWithInvalidData" finished-at="2024-09-03T13:25:58 IST" duration-ms="7" status="PASS">
          <reporter-output>
          </reporter-output>
        </test-method> <!-- testEditProfileWithInvalidData -->
        <test-method is-config="true" signature="tearDown()[pri:0, instance:com.example.tests.Edit_Profile@4082ba93]" started-at="2024-09-03T13:25:58 IST" name="tearDown" finished-at="2024-09-03T13:25:59 IST" duration-ms="422" status="PASS">
          <reporter-output>
          </reporter-output>
        </test-method> <!-- tearDown -->
        <test-method is-config="true" signature="setup()[pri:0, instance:com.example.tests.Edit_Profile@4082ba93]" started-at="2024-09-03T13:25:59 IST" name="setup" finished-at="2024-09-03T13:26:07 IST" duration-ms="8038" status="PASS">
          <reporter-output>
          </reporter-output>
        </test-method> <!-- setup -->
        <test-method signature="testEditProfileWithValidData()[pri:0, instance:com.example.tests.Edit_Profile@4082ba93]" started-at="2024-09-03T13:26:07 IST" name="testEditProfileWithValidData" finished-at="2024-09-03T13:26:08 IST" duration-ms="953" status="FAIL">
          <exception class="org.openqa.selenium.NoSuchElementException">
            <message>
              <![CDATA[no such element: Unable to locate element: {"method":"xpath","selector":"//*[@id='editprofile']"}
  (Session info: chrome=128.0.6613.113)
For documentation on this error, please visit: https://www.selenium.dev/documentation/webdriver/troubleshooting/errors#no-such-element-exception
Build info: version: '4.14.0', revision: 'e5a96349ce'
System info: os.name: 'Windows 10', os.arch: 'amd64', os.version: '10.0', java.version: '22.0.1'
Driver info: org.openqa.selenium.chrome.ChromeDriver
Command: [11bf5f55ab9a0bef0887762385d85af4, findElement {using=xpath, value=//*[@id='editprofile']}]
Capabilities {acceptInsecureCerts: false, browserName: chrome, browserVersion: 128.0.6613.113, chrome: {chromedriverVersion: 128.0.6613.119 (6e439cfca4d..., userDataDir: C:\Windows\SystemTemp\scope...}, fedcm:accounts: true, goog:chromeOptions: {debuggerAddress: localhost:53713}, networkConnectionEnabled: false, pageLoadStrategy: normal, platformName: windows, proxy: Proxy(), se:cdp: ws://localhost:53713/devtoo..., se:cdpVersion: 128.0.6613.113, setWindowRect: true, strictFileInteractability: false, timeouts: {implicit: 0, pageLoad: 300000, script: 30000}, unhandledPromptBehavior: dismiss and notify, webauthn:extension:credBlob: true, webauthn:extension:largeBlob: true, webauthn:extension:minPinLength: true, webauthn:extension:prf: true, webauthn:virtualAuthenticators: true}
Session ID: 11bf5f55ab9a0bef0887762385d85af4]]>
            </message>
            <full-stacktrace>
              <![CDATA[org.openqa.selenium.NoSuchElementException: no such element: Unable to locate element: {"method":"xpath","selector":"//*[@id='editprofile']"}
  (Session info: chrome=128.0.6613.113)
For documentation on this error, please visit: https://www.selenium.dev/documentation/webdriver/troubleshooting/errors#no-such-element-exception
Build info: version: '4.14.0', revision: 'e5a96349ce'
System info: os.name: 'Windows 10', os.arch: 'amd64', os.version: '10.0', java.version: '22.0.1'
Driver info: org.openqa.selenium.chrome.ChromeDriver
Command: [11bf5f55ab9a0bef0887762385d85af4, findElement {using=xpath, value=//*[@id='editprofile']}]
Capabilities {acceptInsecureCerts: false, browserName: chrome, browserVersion: 128.0.6613.113, chrome: {chromedriverVersion: 128.0.6613.119 (6e439cfca4d..., userDataDir: C:\Windows\SystemTemp\scope...}, fedcm:accounts: true, goog:chromeOptions: {debuggerAddress: localhost:53713}, networkConnectionEnabled: false, pageLoadStrategy: normal, platformName: windows, proxy: Proxy(), se:cdp: ws://localhost:53713/devtoo..., se:cdpVersion: 128.0.6613.113, setWindowRect: true, strictFileInteractability: false, timeouts: {implicit: 0, pageLoad: 300000, script: 30000}, unhandledPromptBehavior: dismiss and notify, webauthn:extension:credBlob: true, webauthn:extension:largeBlob: true, webauthn:extension:minPinLength: true, webauthn:extension:prf: true, webauthn:virtualAuthenticators: true}
Session ID: 11bf5f55ab9a0bef0887762385d85af4
at java.base/jdk.internal.reflect.DirectConstructorHandleAccessor.newInstance(DirectConstructorHandleAccessor.java:62)
at java.base/java.lang.reflect.Constructor.newInstanceWithCaller(Constructor.java:502)
at java.base/java.lang.reflect.Constructor.newInstance(Constructor.java:486)
at org.openqa.selenium.remote.codec.w3c.W3CHttpResponseCodec.createException(W3CHttpResponseCodec.java:200)
at org.openqa.selenium.remote.codec.w3c.W3CHttpResponseCodec.decode(W3CHttpResponseCodec.java:133)
at org.openqa.selenium.remote.codec.w3c.W3CHttpResponseCodec.decode(W3CHttpResponseCodec.java:52)
at org.openqa.selenium.remote.HttpCommandExecutor.execute(HttpCommandExecutor.java:191)
at org.openqa.selenium.remote.service.DriverCommandExecutor.invokeExecute(DriverCommandExecutor.java:196)
at org.openqa.selenium.remote.service.DriverCommandExecutor.execute(DriverCommandExecutor.java:171)
at org.openqa.selenium.remote.RemoteWebDriver.execute(RemoteWebDriver.java:602)
at org.openqa.selenium.remote.ElementLocation$ElementFinder$2.findElement(ElementLocation.java:165)
at org.openqa.selenium.remote.ElementLocation.findElement(ElementLocation.java:59)
at org.openqa.selenium.remote.RemoteWebDriver.findElement(RemoteWebDriver.java:359)
at org.openqa.selenium.remote.RemoteWebDriver.findElement(RemoteWebDriver.java:353)
at com.example.tests.Edit_Profile.testEditProfileWithValidData(Edit_Profile.java:26)
at java.base/jdk.internal.reflect.DirectMethodHandleAccessor.invoke(DirectMethodHandleAccessor.java:103)
at java.base/java.lang.reflect.Method.invoke(Method.java:580)
at org.testng.internal.invokers.MethodInvocationHelper.invokeMethod(MethodInvocationHelper.java:139)
at org.testng.internal.invokers.TestInvoker.invokeMethod(TestInvoker.java:664)
at org.testng.internal.invokers.TestInvoker.invokeTestMethod(TestInvoker.java:227)
at org.testng.internal.invokers.MethodRunner.runInSequence(MethodRunner.java:50)
at org.testng.internal.invokers.TestInvoker$MethodInvocationAgent.invoke(TestInvoker.java:957)
at org.testng.internal.invokers.TestInvoker.invokeTestMethods(TestInvoker.java:200)
at org.testng.internal.invokers.TestMethodWorker.invokeTestMethods(TestMethodWorker.java:148)
at org.testng.internal.invokers.TestMethodWorker.run(TestMethodWorker.java:128)
at java.base/java.util.ArrayList.forEach(ArrayList.java:1597)
at org.testng.TestRunner.privateRun(TestRunner.java:848)
at org.testng.TestRunner.run(TestRunner.java:621)
at org.testng.SuiteRunner.runTest(SuiteRunner.java:443)
at org.testng.SuiteRunner.runSequentially(SuiteRunner.java:437)
at org.testng.SuiteRunner.privateRun(SuiteRunner.java:397)
at org.testng.SuiteRunner.run(SuiteRunner.java:336)
at org.testng.SuiteRunnerWorker.runSuite(SuiteRunnerWorker.java:52)
at org.testng.SuiteRunnerWorker.run(SuiteRunnerWorker.java:95)
at org.testng.TestNG.runSuitesSequentially(TestNG.java:1280)
at org.testng.TestNG.runSuitesLocally(TestNG.java:1200)
at org.testng.TestNG.runSuites(TestNG.java:1114)
at org.testng.TestNG.run(TestNG.java:1082)
at org.testng.remote.AbstractRemoteTestNG.run(AbstractRemoteTestNG.java:115)
at org.testng.remote.RemoteTestNG.initAndRun(RemoteTestNG.java:293)
at org.testng.remote.RemoteTestNG.main(RemoteTestNG.java:91)
]]>
            </full-stacktrace>
          </exception> <!-- org.openqa.selenium.NoSuchElementException -->
          <reporter-output>
          </reporter-output>
        </test-method> <!-- testEditProfileWithValidData -->
        <test-method is-config="true" signature="tearDown()[pri:0, instance:com.example.tests.Edit_Profile@4082ba93]" started-at="2024-09-03T13:26:08 IST" name="tearDown" finished-at="2024-09-03T13:26:08 IST" duration-ms="417" status="PASS">
          <reporter-output>
          </reporter-output>
        </test-method> <!-- tearDown -->
        <test-method is-config="true" signature="teardown()[pri:0, instance:com.example.tests.Edit_Profile@4082ba93]" started-at="2024-09-03T13:26:08 IST" name="teardown" finished-at="2024-09-03T13:26:08 IST" duration-ms="0" status="PASS">
          <reporter-output>
          </reporter-output>
        </test-method> <!-- teardown -->
      </class> <!-- com.example.tests.Edit_Profile -->
      <class name="com.example.tests.HomePageTest">
        <test-method is-config="true" signature="setup()[pri:0, instance:com.example.tests.HomePageTest@6be968ce]" started-at="2024-09-03T13:24:37 IST" name="setup" finished-at="2024-09-03T13:24:48 IST" duration-ms="10406" status="PASS">
          <reporter-output>
          </reporter-output>
        </test-method> <!-- setup -->
        <test-method signature="verifyHomePage()[pri:0, instance:com.example.tests.HomePageTest@6be968ce]" started-at="2024-09-03T13:24:48 IST" name="verifyHomePage" finished-at="2024-09-03T13:24:48 IST" duration-ms="215" status="PASS">
          <reporter-output>
          </reporter-output>
        </test-method> <!-- verifyHomePage -->
        <test-method is-config="true" signature="tearDown()[pri:0, instance:com.example.tests.HomePageTest@6be968ce]" started-at="2024-09-03T13:24:48 IST" name="tearDown" finished-at="2024-09-03T13:24:48 IST" duration-ms="483" status="PASS">
          <reporter-output>
          </reporter-output>
        </test-method> <!-- tearDown -->
      </class> <!-- com.example.tests.HomePageTest -->
      <class name="com.example.tests.QuoteRequestTest">
        <test-method is-config="true" signature="setup()[pri:0, instance:com.example.tests.QuoteRequestTest@303cf2ba]" started-at="2024-09-03T13:25:10 IST" name="setup" finished-at="2024-09-03T13:25:18 IST" duration-ms="7911" status="PASS">
          <reporter-output>
          </reporter-output>
        </test-method> <!-- setup -->
        <test-method signature="requestQuoteWithValidData()[pri:0, instance:com.example.tests.QuoteRequestTest@303cf2ba]" started-at="2024-09-03T13:25:18 IST" name="requestQuoteWithValidData" finished-at="2024-09-03T13:25:24 IST" duration-ms="6151" status="PASS">
          <reporter-output>
          </reporter-output>
        </test-method> <!-- requestQuoteWithValidData -->
        <test-method is-config="true" signature="tearDown()[pri:0, instance:com.example.tests.QuoteRequestTest@303cf2ba]" started-at="2024-09-03T13:25:24 IST" name="tearDown" finished-at="2024-09-03T13:25:25 IST" duration-ms="547" status="PASS">
          <reporter-output>
          </reporter-output>
        </test-method> <!-- tearDown -->
      </class> <!-- com.example.tests.QuoteRequestTest -->
      <class name="com.example.tests.UserRegistrationTest">
        <test-method is-config="true" signature="setup()[pri:0, instance:com.example.tests.UserRegistrationTest@7c37508a]" started-at="2024-09-03T13:24:48 IST" name="setup" finished-at="2024-09-03T13:24:55 IST" duration-ms="6893" status="PASS">
          <reporter-output>
          </reporter-output>
        </test-method> <!-- setup -->
        <test-method signature="userRegistrationSuccess()[pri:0, instance:com.example.tests.UserRegistrationTest@7c37508a]" started-at="2024-09-03T13:24:55 IST" name="userRegistrationSuccess" finished-at="2024-09-03T13:24:59 IST" duration-ms="3137" status="PASS">
          <reporter-output>
          </reporter-output>
        </test-method> <!-- userRegistrationSuccess -->
        <test-method is-config="true" signature="tearDown()[pri:0, instance:com.example.tests.UserRegistrationTest@7c37508a]" started-at="2024-09-03T13:24:59 IST" name="tearDown" finished-at="2024-09-03T13:24:59 IST" duration-ms="468" status="PASS">
          <reporter-output>
          </reporter-output>
        </test-method> <!-- tearDown -->
      </class> <!-- com.example.tests.UserRegistrationTest -->
      <class name="com.example.tests.RetrieveQutotation">
        <test-method is-config="true" signature="setup()[pri:0, instance:com.example.tests.RetrieveQutotation@4a003cbe]" started-at="2024-09-03T13:25:35 IST" name="setup" finished-at="2024-09-03T13:25:44 IST" duration-ms="8660" status="PASS">
          <reporter-output>
          </reporter-output>
        </test-method> <!-- setup -->
        <test-method signature="requestAndVerifyQuotation()[pri:0, instance:com.example.tests.RetrieveQutotation@4a003cbe]" started-at="2024-09-03T13:25:44 IST" name="requestAndVerifyQuotation" finished-at="2024-09-03T13:25:52 IST" duration-ms="7501" status="FAIL">
          <exception class="org.openqa.selenium.NoSuchSessionException">
            <message>
              <![CDATA[invalid session id
Build info: version: '4.14.0', revision: 'e5a96349ce'
System info: os.name: 'Windows 10', os.arch: 'amd64', os.version: '10.0', java.version: '22.0.1'
Driver info: org.openqa.selenium.chrome.ChromeDriver
Command: [101e52283272aff2af0c9b2dc03b3f84, findElement {using=partial link text, value=Retrieve Quotation}]
Capabilities {acceptInsecureCerts: false, browserName: chrome, browserVersion: 128.0.6613.113, chrome: {chromedriverVersion: 128.0.6613.119 (6e439cfca4d..., userDataDir: C:\Windows\SystemTemp\scope...}, fedcm:accounts: true, goog:chromeOptions: {debuggerAddress: localhost:53644}, networkConnectionEnabled: false, pageLoadStrategy: normal, platformName: windows, proxy: Proxy(), se:cdp: ws://localhost:53644/devtoo..., se:cdpVersion: 128.0.6613.113, setWindowRect: true, strictFileInteractability: false, timeouts: {implicit: 0, pageLoad: 300000, script: 30000}, unhandledPromptBehavior: dismiss and notify, webauthn:extension:credBlob: true, webauthn:extension:largeBlob: true, webauthn:extension:minPinLength: true, webauthn:extension:prf: true, webauthn:virtualAuthenticators: true}
Session ID: 101e52283272aff2af0c9b2dc03b3f84]]>
            </message>
            <full-stacktrace>
              <![CDATA[org.openqa.selenium.NoSuchSessionException: invalid session id
Build info: version: '4.14.0', revision: 'e5a96349ce'
System info: os.name: 'Windows 10', os.arch: 'amd64', os.version: '10.0', java.version: '22.0.1'
Driver info: org.openqa.selenium.chrome.ChromeDriver
Command: [101e52283272aff2af0c9b2dc03b3f84, findElement {using=partial link text, value=Retrieve Quotation}]
Capabilities {acceptInsecureCerts: false, browserName: chrome, browserVersion: 128.0.6613.113, chrome: {chromedriverVersion: 128.0.6613.119 (6e439cfca4d..., userDataDir: C:\Windows\SystemTemp\scope...}, fedcm:accounts: true, goog:chromeOptions: {debuggerAddress: localhost:53644}, networkConnectionEnabled: false, pageLoadStrategy: normal, platformName: windows, proxy: Proxy(), se:cdp: ws://localhost:53644/devtoo..., se:cdpVersion: 128.0.6613.113, setWindowRect: true, strictFileInteractability: false, timeouts: {implicit: 0, pageLoad: 300000, script: 30000}, unhandledPromptBehavior: dismiss and notify, webauthn:extension:credBlob: true, webauthn:extension:largeBlob: true, webauthn:extension:minPinLength: true, webauthn:extension:prf: true, webauthn:virtualAuthenticators: true}
Session ID: 101e52283272aff2af0c9b2dc03b3f84
at java.base/jdk.internal.reflect.DirectConstructorHandleAccessor.newInstance(DirectConstructorHandleAccessor.java:62)
at java.base/java.lang.reflect.Constructor.newInstanceWithCaller(Constructor.java:502)
at java.base/java.lang.reflect.Constructor.newInstance(Constructor.java:486)
at org.openqa.selenium.remote.codec.w3c.W3CHttpResponseCodec.createException(W3CHttpResponseCodec.java:200)
at org.openqa.selenium.remote.codec.w3c.W3CHttpResponseCodec.decode(W3CHttpResponseCodec.java:133)
at org.openqa.selenium.remote.codec.w3c.W3CHttpResponseCodec.decode(W3CHttpResponseCodec.java:52)
at org.openqa.selenium.remote.HttpCommandExecutor.execute(HttpCommandExecutor.java:191)
at org.openqa.selenium.remote.service.DriverCommandExecutor.invokeExecute(DriverCommandExecutor.java:196)
at org.openqa.selenium.remote.service.DriverCommandExecutor.execute(DriverCommandExecutor.java:171)
at org.openqa.selenium.remote.RemoteWebDriver.execute(RemoteWebDriver.java:602)
at org.openqa.selenium.remote.ElementLocation$ElementFinder$2.findElement(ElementLocation.java:165)
at org.openqa.selenium.remote.ElementLocation.findElement(ElementLocation.java:59)
at org.openqa.selenium.remote.RemoteWebDriver.findElement(RemoteWebDriver.java:359)
at org.openqa.selenium.remote.RemoteWebDriver.findElement(RemoteWebDriver.java:353)
at com.example.tests.RetrieveQutotation.requestAndVerifyQuotation(RetrieveQutotation.java:76)
at java.base/jdk.internal.reflect.DirectMethodHandleAccessor.invoke(DirectMethodHandleAccessor.java:103)
at java.base/java.lang.reflect.Method.invoke(Method.java:580)
at org.testng.internal.invokers.MethodInvocationHelper.invokeMethod(MethodInvocationHelper.java:139)
at org.testng.internal.invokers.TestInvoker.invokeMethod(TestInvoker.java:664)
at org.testng.internal.invokers.TestInvoker.invokeTestMethod(TestInvoker.java:227)
at org.testng.internal.invokers.MethodRunner.runInSequence(MethodRunner.java:50)
at org.testng.internal.invokers.TestInvoker$MethodInvocationAgent.invoke(TestInvoker.java:957)
at org.testng.internal.invokers.TestInvoker.invokeTestMethods(TestInvoker.java:200)
at org.testng.internal.invokers.TestMethodWorker.invokeTestMethods(TestMethodWorker.java:148)
at org.testng.internal.invokers.TestMethodWorker.run(TestMethodWorker.java:128)
at java.base/java.util.ArrayList.forEach(ArrayList.java:1597)
at org.testng.TestRunner.privateRun(TestRunner.java:848)
at org.testng.TestRunner.run(TestRunner.java:621)
at org.testng.SuiteRunner.runTest(SuiteRunner.java:443)
at org.testng.SuiteRunner.runSequentially(SuiteRunner.java:437)
at org.testng.SuiteRunner.privateRun(SuiteRunner.java:397)
at org.testng.SuiteRunner.run(SuiteRunner.java:336)
at org.testng.SuiteRunnerWorker.runSuite(SuiteRunnerWorker.java:52)
at org.testng.SuiteRunnerWorker.run(SuiteRunnerWorker.java:95)
at org.testng.TestNG.runSuitesSequentially(TestNG.java:1280)
at org.testng.TestNG.runSuitesLocally(TestNG.java:1200)
at org.testng.TestNG.runSuites(TestNG.java:1114)
at org.testng.TestNG.run(TestNG.java:1082)
at org.testng.remote.AbstractRemoteTestNG.run(AbstractRemoteTestNG.java:115)
at org.testng.remote.RemoteTestNG.initAndRun(RemoteTestNG.java:293)
at org.testng.remote.RemoteTestNG.main(RemoteTestNG.java:91)
]]>
            </full-stacktrace>
          </exception> <!-- org.openqa.selenium.NoSuchSessionException -->
          <reporter-output>
          </reporter-output>
        </test-method> <!-- requestAndVerifyQuotation -->
        <test-method is-config="true" signature="tearDown()[pri:0, instance:com.example.tests.RetrieveQutotation@4a003cbe]" started-at="2024-09-03T13:26:36 IST" name="tearDown" finished-at="2024-09-03T13:26:36 IST" duration-ms="65" status="PASS">
          <reporter-output>
          </reporter-output>
        </test-method> <!-- tearDown -->
      </class> <!-- com.example.tests.RetrieveQutotation -->
      <class name="com.example.tests.Claim_Management">
        <test-method is-config="true" signature="setup()[pri:0, instance:com.example.tests.Claim_Management@76494737]" started-at="2024-09-03T13:25:25 IST" name="setup" finished-at="2024-09-03T13:25:32 IST" duration-ms="6612" status="PASS">
          <reporter-output>
          </reporter-output>
        </test-method> <!-- setup -->
        <test-method signature="ClaimInsurance()[pri:0, instance:com.example.tests.Claim_Management@76494737]" started-at="2024-09-03T13:25:32 IST" name="ClaimInsurance" finished-at="2024-09-03T13:25:35 IST" duration-ms="3403" status="PASS">
          <reporter-output>
          </reporter-output>
        </test-method> <!-- ClaimInsurance -->
        <test-method is-config="true" signature="tearDown()[pri:0, instance:com.example.tests.Claim_Management@76494737]" started-at="2024-09-03T13:25:35 IST" name="tearDown" finished-at="2024-09-03T13:25:35 IST" duration-ms="423" status="PASS">
          <reporter-output>
          </reporter-output>
        </test-method> <!-- tearDown -->
      </class> <!-- com.example.tests.Claim_Management -->
    </test> <!-- UI Tests -->
  </suite> <!-- Guru99 Insurance Automation Suite -->
</testng-results>
